Loading required package: methods
Loading required package: GenomeInfoDb
Loading required package: BiocGenerics
Loading required package: parallel

Attaching package: ‘BiocGenerics’

The following objects are masked from ‘package:parallel’:

    clusterApply, clusterApplyLB, clusterCall, clusterEvalQ,
    clusterExport, clusterMap, parApply, parCapply, parLapply,
    parLapplyLB, parRapply, parSapply, parSapplyLB

The following objects are masked from ‘package:stats’:

    IQR, mad, sd, var, xtabs

The following objects are masked from ‘package:base’:

    anyDuplicated, append, as.data.frame, cbind, colMeans, colnames,
    colSums, do.call, duplicated, eval, evalq, Filter, Find, get, grep,
    grepl, intersect, is.unsorted, lapply, lengths, Map, mapply, match,
    mget, order, paste, pmax, pmax.int, pmin, pmin.int, Position, rank,
    rbind, Reduce, rowMeans, rownames, rowSums, sapply, setdiff, sort,
    table, tapply, union, unique, unsplit, which, which.max, which.min

Loading required package: S4Vectors
Loading required package: stats4

Attaching package: ‘S4Vectors’

The following object is masked from ‘package:base’:

    expand.grid

Loading required package: IRanges
Loading required package: GenomicRanges
Loading required package: Biostrings
Loading required package: XVector

Attaching package: ‘Biostrings’

The following object is masked from ‘package:base’:

    strsplit


Attaching package: ‘reshape’

The following objects are masked from ‘package:S4Vectors’:

    expand, rename

Loading required package: magrittr

Attaching package: ‘dplyr’

The following object is masked from ‘package:reshape’:

    rename

The following objects are masked from ‘package:Biostrings’:

    collapse, intersect, setdiff, setequal, union

The following object is masked from ‘package:XVector’:

    slice

The following objects are masked from ‘package:GenomicRanges’:

    intersect, setdiff, union

The following object is masked from ‘package:GenomeInfoDb’:

    intersect

The following objects are masked from ‘package:IRanges’:

    collapse, desc, intersect, setdiff, slice, union

The following objects are masked from ‘package:S4Vectors’:

    first, intersect, rename, setdiff, setequal, union

The following objects are masked from ‘package:BiocGenerics’:

    combine, intersect, setdiff, union

The following objects are masked from ‘package:stats’:

    filter, lag

The following objects are masked from ‘package:base’:

    intersect, setdiff, setequal, union

Warning message:
In dir.create("///groups/ameres/Pooja/Projects/zebrafishAnnotation/sequencingRun_december2017/analysis/annotation/stageSpecific/outputs/probabilityOfFindingTC/zygoticTranscripts_vectorized/") :
  '///groups/ameres/Pooja/Projects/zebrafishAnnotation/sequencingRun_december2017/analysis/annotation/stageSpecific/outputs/probabilityOfFindingTC/zygoticTranscripts_vectorized' already exists
this is okay, aln_plus and aln_minus are createdthis has worked/cm/local/apps/slurm/var/spool/job635507/slurm_script: line 19: 48253 Killed                  Rscript /groups/ameres/Pooja/Projects/zebrafishAnnotation/sequencingRun_december2017/analysis/annotation/stageSpecific/scripts/highConfidenceTCcalling/simplified_vectorized.R
slurmstepd: error: Exceeded job memory limit at some point.
